TN:
SF:src/MockERC20.sol
DA:7,26
FN:7,MockERC20.mint
FNDA:26,MockERC20.mint
DA:8,26
FNF:1
FNH:1
LF:2
LH:2
BRF:0
BRH:0
end_of_record
TN:
SF:src/SimpleAMM.sol
DA:16,3
FN:16,SimpleAMM.lock
FNDA:3,SimpleAMM.lock
DA:17,3
BRDA:17,0,0,-
BRDA:17,0,1,7
DA:18,3
DA:20,3
DA:23,12
FN:23,SimpleAMM.constructor
FNDA:12,SimpleAMM.constructor
DA:25,12
DA:26,12
DA:32,12
FN:32,SimpleAMM.addLiquidity
FNDA:12,SimpleAMM.addLiquidity
DA:33,12
DA:34,12
DA:36,12
DA:38,12
BRDA:38,1,0,11
BRDA:38,1,1,1
DA:39,11
DA:41,1
DA:47,12
BRDA:47,2,0,-
BRDA:47,2,1,12
DA:48,12
DA:50,12
DA:51,12
DA:54,7
FN:54,SimpleAMM.swap
FNDA:7,SimpleAMM.swap
DA:55,7
BRDA:55,3,0,1
BRDA:55,3,1,6
DA:56,6
BRDA:56,4,0,1
BRDA:56,4,1,5
DA:58,5
DA:59,5
DA:60,5
DA:62,5
BRDA:62,5,0,4
BRDA:62,5,1,1
DA:63,4
DA:64,4
DA:65,4
DA:67,1
DA:68,1
DA:69,1
DA:72,5
DA:74,5
DA:75,5
DA:76,5
DA:78,5
BRDA:78,6,0,2
BRDA:78,6,1,3
DA:80,3
DA:82,3
DA:83,3
DA:84,3
DA:86,3
FN:86,SimpleAMM.removeLiquidity
FNDA:3,SimpleAMM.removeLiquidity
DA:87,3
BRDA:87,7,0,-
BRDA:87,7,1,3
DA:89,3
DA:90,3
DA:92,3
DA:93,3
DA:94,3
DA:96,3
DA:97,3
DA:100,11
FN:100,SimpleAMM.sqrt
FNDA:11,SimpleAMM.sqrt
DA:101,11
BRDA:101,8,0,11
BRDA:101,8,1,-
DA:102,11
DA:103,11
DA:104,800
DA:105,789
DA:106,789
DA:108,0
BRDA:108,9,0,-
DA:109,0
DA:113,1
FN:113,SimpleAMM.min
FNDA:1,SimpleAMM.min
DA:114,1
DA:117,0
FN:117,SimpleAMM.getReserves
FNDA:0,SimpleAMM.getReserves
DA:118,0
FNF:8
FNH:7
LF:62
LH:58
BRF:19
BRH:14
end_of_record
